<?xml version="1.0" encoding="UTF-8"?>
<!-- Generated by org.testng.reporters.JUnitXMLReporter -->
<testsuite hostname="LAPTOP-TP2EVIVT" ignored="0" name="Default test" tests="7" failures="0" timestamp="15 Dec 2021 10:17:37 GMT" time="0.177" errors="0">
  <testcase name="display" time="0.022" classname="SDET26githubTest.DemoTest"/>
  <testcase name="display2" time="0.003" classname="SDET26githubTest.DemoTest"/>
  <testcase name="display3" time="0.005" classname="SDET26githubTest.DemoTest"/>
  <testcase name="display4" time="0.005" classname="SDET26githubTest.DemoTest"/>
  <testcase name="display5" time="0.003" classname="SDET26githubTest.DemoTest"/>
  <testcase name="display8" time="0.003" classname="SDET26githubTest.DemoTest"/>
  <testcase name="display9" time="0.003" classname="SDET26githubTest.DemoTest"/>
</testsuite> <!-- Default test -->
