<?xml version="1.0" encoding="UTF-8"?>
<testng-results skipped="0" failed="0" ignored="0" total="1" passed="1">
  <reporter-output>
  </reporter-output>
  <suite name="Default suite" duration-ms="59" started-at="2021-12-09T08:10:35Z" finished-at="2021-12-09T08:10:35Z">
    <groups>
    </groups>
    <test name="Default test" duration-ms="59" started-at="2021-12-09T08:10:35Z" finished-at="2021-12-09T08:10:35Z">
      <class name="SDET26githubTest.DemoTest">
        <test-method status="PASS" signature="display()[pri:0, instance:SDET26githubTest.DemoTest@56f4468b]" name="display" duration-ms="15" started-at="2021-12-09T08:10:35Z" finished-at="2021-12-09T08:10:35Z">
          <reporter-output>
          </reporter-output>
        </test-method> <!-- display -->
      </class> <!-- SDET26githubTest.DemoTest -->
    </test> <!-- Default test -->
  </suite> <!-- Default suite -->
</testng-results>
